Arguments: 
  /usr/local/bin/node /usr/local/Cellar/yarn/1.5.1_1/libexec/bin/yarn.js build

PATH: 
  /Users/Richard/Desktop/code/machine-learning/cs228-material/assignment-1/google-cloud-sdk/bin:/anaconda3/bin:/Library/Frameworks/Python.framework/Versions/3.6/bin:/usr/local/bin:/usr/bin:/bin:/usr/sbin:/sbin:/Library/TeX/texbin:/usr/local/mysql/bin:/usr/local/bin

Yarn version: 
  1.5.1

Node version: 
  10.0.0

Platform: 
  darwin x64

npm manifest: 
  {
    "name": "vue-customelement-bundler",
    "version": "1.0.0",
    "description": "",
    "main": "index.js",
    "scripts": {
      "test": "echo \"Error: no test specified\" && exit 1",
      "postinstall": "npm run build",
      "build": "rimraf dist && cross-env NODE_ENV=production webpack",
      "dev": "webpack --watch"
    },
    "author": "",
    "license": "MIT",
    "repository" :
    {
      "type" : "git",
      "url" : "https://github.com/kartsims/vue-customelement-bundler.git"
    },
    "devDependencies": {
      "babel-core": "^6.24.0",
      "babel-loader": "^6.4.1",
      "babel-preset-es2015": "^6.24.0",
      "cross-env": "^4.0.0",
      "css-loader": "^0.26.2",
      "file-loader": "^0.11.1",
      "rimraf": "^2.6.1",
      "uglify-js": "git://github.com/mishoo/UglifyJS2.git#harmony",
      "vue": "^2.2.6",
      "vue-custom-element": "^1.0.13",
      "vue-loader": "^11.3.4",
      "vue-style-loader": "^2.0.5",
      "vue-template-compiler": "^2.2.6",
      "webpack": "^2.3.3"
    }
  }

yarn manifest: 
  No manifest

Lockfile: 
  No lockfile

Trace: 
  Error: Command failed.
  Exit code: 127
  Command: sh
  Arguments: -c rimraf dist && cross-env NODE_ENV=production webpack
  Directory: /Users/Richard/Desktop/code/vue-js/evolve-ip/vue-customelement-bundler
  Output:
  
      at ProcessTermError.MessageError (/usr/local/Cellar/yarn/1.5.1_1/libexec/lib/cli.js:186:110)
      at new ProcessTermError (/usr/local/Cellar/yarn/1.5.1_1/libexec/lib/cli.js:226:113)
      at ChildProcess.<anonymous> (/usr/local/Cellar/yarn/1.5.1_1/libexec/lib/cli.js:30281:17)
      at ChildProcess.emit (events.js:182:13)
      at maybeClose (internal/child_process.js:947:16)
      at Process.ChildProcess._handle.onexit (internal/child_process.js:236:5)
